<?xml version="1.0" encoding="UTF-8"?>
<testng-results ignored="0" total="1" passed="1" failed="0" skipped="0">
  <reporter-output>
  </reporter-output>
  <suite started-at="2024-02-12T13:45:12 IST" name="Suite" finished-at="2024-02-12T13:45:33 IST" duration-ms="20501">
    <groups>
    </groups>
    <test started-at="2024-02-12T13:45:12 IST" name="Test" finished-at="2024-02-12T13:45:33 IST" duration-ms="20501">
      <class name="Practice.MYpractice.faceBook">
        <test-method is-config="true" signature="launchApp()[pri:0, instance:Practice.MYpractice.faceBook@1ef6d34c]" started-at="2024-02-12T13:45:12 IST" name="launchApp" finished-at="2024-02-12T13:45:22 IST" duration-ms="10243" status="PASS">
          <reporter-output>
          </reporter-output>
        </test-method> <!-- launchApp -->
        <test-method signature="PlaceOrder()[pri:0, instance:Practice.MYpractice.faceBook@1ef6d34c]" started-at="2024-02-12T13:45:23 IST" name="PlaceOrder" finished-at="2024-02-12T13:45:32 IST" duration-ms="9958" status="PASS">
          <reporter-output>
          </reporter-output>
        </test-method> <!-- PlaceOrder -->
        <test-method is-config="true" signature="tearDown()[pri:0, instance:Practice.MYpractice.faceBook@1ef6d34c]" started-at="2024-02-12T13:45:32 IST" name="tearDown" finished-at="2024-02-12T13:45:33 IST" duration-ms="222" status="PASS">
          <reporter-output>
          </reporter-output>
        </test-method> <!-- tearDown -->
      </class> <!-- Practice.MYpractice.faceBook -->
    </test> <!-- Test -->
  </suite> <!-- Suite -->
</testng-results>
